{
  "uid" : "2ac0f110363cb84f",
  "name" : "userLoginIncorrect",
  "fullName" : "com.example.e2e.tests.SeleniumDemoTest.userLoginIncorrect",
  "historyId" : "282e0c690bb166f7601d10b022bb3ec5",
  "time" : {
    "start" : 1623092272789,
    "stop" : 1623092276556,
    "duration" : 3767
  },
  "description" : "Use incorrect login",
  "descriptionHtml" : "<p>Use incorrect login</p>\n",
  "status" : "failed",
  "statusMessage" : "expected [true] but found [false]",
  "statusTrace" : "java.lang.AssertionError: expected [true] but found [false]\n\tat org.testng.Assert.fail(Assert.java:94)\n\tat org.testng.Assert.failNotEquals(Assert.java:496)\n\tat org.testng.Assert.assertTrue(Assert.java:42)\n\tat org.testng.Assert.assertTrue(Assert.java:52)\n\tat com.example.e2e.tests.SeleniumDemoTest.userLoginIncorrect(SeleniumDemoTest.java:82)\n\tat java.base/jdk.internal.reflect.NativeMethodAccessorImpl.invoke0(Native Method)\n\tat java.base/jdk.internal.reflect.NativeMethodAccessorImpl.invoke(NativeMethodAccessorImpl.java:62)\n\tat java.base/jdk.internal.reflect.DelegatingMethodAccessorImpl.invoke(DelegatingMethodAccessorImpl.java:43)\n\tat java.base/java.lang.reflect.Method.invoke(Method.java:564)\n\tat org.testng.internal.MethodInvocationHelper.invokeMethod(MethodInvocationHelper.java:85)\n\tat org.testng.internal.Invoker.invokeMethod(Invoker.java:639)\n\tat org.testng.internal.Invoker.invokeTestMethod(Invoker.java:816)\n\tat org.testng.internal.Invoker.invokeTestMethods(Invoker.java:1124)\n\tat org.testng.internal.TestMethodWorker.invokeTestMethods(TestMethodWorker.java:125)\n\tat org.testng.internal.TestMethodWorker.run(TestMethodWorker.java:108)\n\tat org.testng.TestRunner.privateRun(TestRunner.java:774)\n\tat org.testng.TestRunner.run(TestRunner.java:624)\n\tat org.testng.SuiteRunner.runTest(SuiteRunner.java:359)\n\tat org.testng.SuiteRunner.runSequentially(SuiteRunner.java:354)\n\tat org.testng.SuiteRunner.privateRun(SuiteRunner.java:312)\n\tat org.testng.SuiteRunner.run(SuiteRunner.java:261)\n\tat org.testng.SuiteRunnerWorker.runSuite(SuiteRunnerWorker.java:52)\n\tat org.testng.SuiteRunnerWorker.run(SuiteRunnerWorker.java:86)\n\tat org.testng.TestNG.runSuitesSequentially(TestNG.java:1215)\n\tat org.testng.TestNG.runSuitesLocally(TestNG.java:1140)\n\tat org.testng.TestNG.run(TestNG.java:1048)\n\tat org.apache.maven.surefire.testng.TestNGExecutor.run(TestNGExecutor.java:115)\n\tat org.apache.maven.surefire.testng.TestNGDirectoryTestSuite.executeSingleClass(TestNGDirectoryTestSuite.java:129)\n\tat org.apache.maven.surefire.testng.TestNGDirectoryTestSuite.execute(TestNGDirectoryTestSuite.java:113)\n\tat org.apache.maven.surefire.testng.TestNGProvider.invoke(TestNGProvider.java:111)\n\tat org.apache.maven.surefire.booter.ForkedBooter.invokeProviderInSameClassLoader(ForkedBooter.java:203)\n\tat org.apache.maven.surefire.booter.ForkedBooter.runSuitesInProcess(ForkedBooter.java:155)\n\tat org.apache.maven.surefire.booter.ForkedBooter.main(ForkedBooter.java:103)\n",
  "flaky" : false,
  "newFailed" : false,
  "beforeStages" : [ {
    "name" : "setUp",
    "time" : {
      "start" : 1623092261694,
      "stop" : 1623092270571,
      "duration" : 8877
    },
    "description" : "",
    "status" : "passed",
    "steps" : [ ],
    "attachments" : [ ],
    "parameters" : [ ],
    "stepsCount" : 0,
    "attachmentsCount" : 0,
    "shouldDisplayMessage" : false,
    "hasContent" : false
  } ],
  "testStage" : {
    "description" : "Use incorrect login",
    "status" : "failed",
    "statusMessage" : "expected [true] but found [false]",
    "statusTrace" : "java.lang.AssertionError: expected [true] but found [false]\n\tat org.testng.Assert.fail(Assert.java:94)\n\tat org.testng.Assert.failNotEquals(Assert.java:496)\n\tat org.testng.Assert.assertTrue(Assert.java:42)\n\tat org.testng.Assert.assertTrue(Assert.java:52)\n\tat com.example.e2e.tests.SeleniumDemoTest.userLoginIncorrect(SeleniumDemoTest.java:82)\n\tat java.base/jdk.internal.reflect.NativeMethodAccessorImpl.invoke0(Native Method)\n\tat java.base/jdk.internal.reflect.NativeMethodAccessorImpl.invoke(NativeMethodAccessorImpl.java:62)\n\tat java.base/jdk.internal.reflect.DelegatingMethodAccessorImpl.invoke(DelegatingMethodAccessorImpl.java:43)\n\tat java.base/java.lang.reflect.Method.invoke(Method.java:564)\n\tat org.testng.internal.MethodInvocationHelper.invokeMethod(MethodInvocationHelper.java:85)\n\tat org.testng.internal.Invoker.invokeMethod(Invoker.java:639)\n\tat org.testng.internal.Invoker.invokeTestMethod(Invoker.java:816)\n\tat org.testng.internal.Invoker.invokeTestMethods(Invoker.java:1124)\n\tat org.testng.internal.TestMethodWorker.invokeTestMethods(TestMethodWorker.java:125)\n\tat org.testng.internal.TestMethodWorker.run(TestMethodWorker.java:108)\n\tat org.testng.TestRunner.privateRun(TestRunner.java:774)\n\tat org.testng.TestRunner.run(TestRunner.java:624)\n\tat org.testng.SuiteRunner.runTest(SuiteRunner.java:359)\n\tat org.testng.SuiteRunner.runSequentially(SuiteRunner.java:354)\n\tat org.testng.SuiteRunner.privateRun(SuiteRunner.java:312)\n\tat org.testng.SuiteRunner.run(SuiteRunner.java:261)\n\tat org.testng.SuiteRunnerWorker.runSuite(SuiteRunnerWorker.java:52)\n\tat org.testng.SuiteRunnerWorker.run(SuiteRunnerWorker.java:86)\n\tat org.testng.TestNG.runSuitesSequentially(TestNG.java:1215)\n\tat org.testng.TestNG.runSuitesLocally(TestNG.java:1140)\n\tat org.testng.TestNG.run(TestNG.java:1048)\n\tat org.apache.maven.surefire.testng.TestNGExecutor.run(TestNGExecutor.java:115)\n\tat org.apache.maven.surefire.testng.TestNGDirectoryTestSuite.executeSingleClass(TestNGDirectoryTestSuite.java:129)\n\tat org.apache.maven.surefire.testng.TestNGDirectoryTestSuite.execute(TestNGDirectoryTestSuite.java:113)\n\tat org.apache.maven.surefire.testng.TestNGProvider.invoke(TestNGProvider.java:111)\n\tat org.apache.maven.surefire.booter.ForkedBooter.invokeProviderInSameClassLoader(ForkedBooter.java:203)\n\tat org.apache.maven.surefire.booter.ForkedBooter.runSuitesInProcess(ForkedBooter.java:155)\n\tat org.apache.maven.surefire.booter.ForkedBooter.main(ForkedBooter.java:103)\n",
    "steps" : [ {
      "name" : "$(\"open\") https://the-internet.herokuapp.com/login",
      "time" : {
        "start" : 1623092272789,
        "stop" : 1623092272964,
        "duration" : 175
      },
      "status" : "passed",
      "steps" : [ ],
      "attachments" : [ ],
      "parameters" : [ ],
      "stepsCount" : 0,
      "attachmentsCount" : 0,
      "shouldDisplayMessage" : false,
      "hasContent" : false
    }, {
      "name" : "setName",
      "time" : {
        "start" : 1623092272964,
        "stop" : 1623092273275,
        "duration" : 311
      },
      "status" : "passed",
      "steps" : [ {
        "name" : "$(\"#username\") should(exist)",
        "time" : {
          "start" : 1623092272964,
          "stop" : 1623092273060,
          "duration" : 96
        },
        "status" : "passed",
        "steps" : [ ],
        "attachments" : [ ],
        "parameters" : [ ],
        "stepsCount" : 0,
        "attachmentsCount" : 0,
        "shouldDisplayMessage" : false,
        "hasContent" : false
      }, {
        "name" : "$(\"#username\") set value(recordingVideo)",
        "time" : {
          "start" : 1623092273060,
          "stop" : 1623092273275,
          "duration" : 215
        },
        "status" : "passed",
        "steps" : [ ],
        "attachments" : [ ],
        "parameters" : [ ],
        "stepsCount" : 0,
        "attachmentsCount" : 0,
        "shouldDisplayMessage" : false,
        "hasContent" : false
      } ],
      "attachments" : [ ],
      "parameters" : [ {
        "name" : "name",
        "value" : "recordingVideo"
      } ],
      "stepsCount" : 2,
      "attachmentsCount" : 0,
      "shouldDisplayMessage" : false,
      "hasContent" : true
    }, {
      "name" : "setPassword",
      "time" : {
        "start" : 1623092273275,
        "stop" : 1623092273599,
        "duration" : 324
      },
      "status" : "passed",
      "steps" : [ {
        "name" : "$(\"#password\") should(exist)",
        "time" : {
          "start" : 1623092273276,
          "stop" : 1623092273405,
          "duration" : 129
        },
        "status" : "passed",
        "steps" : [ ],
        "attachments" : [ ],
        "parameters" : [ ],
        "stepsCount" : 0,
        "attachmentsCount" : 0,
        "shouldDisplayMessage" : false,
        "hasContent" : false
      }, {
        "name" : "$(\"#password\") set value(SuperSecretPassword)",
        "time" : {
          "start" : 1623092273405,
          "stop" : 1623092273599,
          "duration" : 194
        },
        "status" : "passed",
        "steps" : [ ],
        "attachments" : [ ],
        "parameters" : [ ],
        "stepsCount" : 0,
        "attachmentsCount" : 0,
        "shouldDisplayMessage" : false,
        "hasContent" : false
      } ],
      "attachments" : [ ],
      "parameters" : [ {
        "name" : "password",
        "value" : "SuperSecretPassword"
      } ],
      "stepsCount" : 2,
      "attachmentsCount" : 0,
      "shouldDisplayMessage" : false,
      "hasContent" : true
    }, {
      "name" : "submit",
      "time" : {
        "start" : 1623092273599,
        "stop" : 1623092273975,
        "duration" : 376
      },
      "status" : "passed",
      "steps" : [ {
        "name" : "$(\".radius\") should(exist)",
        "time" : {
          "start" : 1623092273599,
          "stop" : 1623092273646,
          "duration" : 47
        },
        "status" : "passed",
        "steps" : [ ],
        "attachments" : [ ],
        "parameters" : [ ],
        "stepsCount" : 0,
        "attachmentsCount" : 0,
        "shouldDisplayMessage" : false,
        "hasContent" : false
      }, {
        "name" : "$(\".radius\") click()",
        "time" : {
          "start" : 1623092273647,
          "stop" : 1623092273975,
          "duration" : 328
        },
        "status" : "passed",
        "steps" : [ ],
        "attachments" : [ ],
        "parameters" : [ ],
        "stepsCount" : 0,
        "attachmentsCount" : 0,
        "shouldDisplayMessage" : false,
        "hasContent" : false
      } ],
      "attachments" : [ ],
      "parameters" : [ ],
      "stepsCount" : 2,
      "attachmentsCount" : 0,
      "shouldDisplayMessage" : false,
      "hasContent" : true
    } ],
    "attachments" : [ {
      "uid" : "25d1fb6804018b18",
      "name" : "failed_userLoginIncorrect",
      "source" : "25d1fb6804018b18.png",
      "type" : "image/png",
      "size" : 69066
    }, {
      "uid" : "45c005926e1b2ded",
      "name" : "video",
      "source" : "45c005926e1b2ded.qt",
      "type" : "video/mp4",
      "size" : 50124
    } ],
    "parameters" : [ ],
    "stepsCount" : 10,
    "attachmentsCount" : 2,
    "shouldDisplayMessage" : true,
    "hasContent" : true
  },
  "afterStages" : [ {
    "name" : "tearDown",
    "time" : {
      "start" : 1623092276570,
      "stop" : 1623092276644,
      "duration" : 74
    },
    "description" : "",
    "status" : "passed",
    "steps" : [ ],
    "attachments" : [ ],
    "parameters" : [ ],
    "stepsCount" : 0,
    "attachmentsCount" : 0,
    "shouldDisplayMessage" : false,
    "hasContent" : false
  } ],
  "labels" : [ {
    "name" : "package",
    "value" : "com.example.e2e.tests.SeleniumDemoTest"
  }, {
    "name" : "testClass",
    "value" : "com.example.e2e.tests.SeleniumDemoTest"
  }, {
    "name" : "testMethod",
    "value" : "userLoginIncorrect"
  }, {
    "name" : "parentSuite",
    "value" : "Surefire suite"
  }, {
    "name" : "suite",
    "value" : "Surefire test"
  }, {
    "name" : "subSuite",
    "value" : "com.example.e2e.tests.SeleniumDemoTest"
  }, {
    "name" : "host",
    "value" : "fv-az96-164"
  }, {
    "name" : "thread",
    "value" : "6057@fv-az96-164.main(1)"
  }, {
    "name" : "framework",
    "value" : "testng"
  }, {
    "name" : "language",
    "value" : "java"
  }, {
    "name" : "story",
    "value" : "Demo login test"
  }, {
    "name" : "severity",
    "value" : "critical"
  }, {
    "name" : "resultFormat",
    "value" : "allure2"
  } ],
  "parameters" : [ ],
  "links" : [ ],
  "hidden" : false,
  "retry" : false,
  "extra" : {
    "severity" : "critical",
    "retries" : [ ],
    "categories" : [ {
      "name" : "Product defects",
      "matchedStatuses" : [ ],
      "flaky" : false
    } ],
    "history" : {
      "statistic" : {
        "failed" : 7,
        "broken" : 3,
        "skipped" : 0,
        "passed" : 0,
        "unknown" : 0,
        "total" : 10
      },
      "items" : [ {
        "uid" : "bc42257c5541a86b",
        "reportUrl" : "https://skeenerok.github.io/testSpringProject/42//#testresult/bc42257c5541a86b",
        "status" : "failed",
        "statusDetails" : "expected [true] but found [false]",
        "time" : {
          "start" : 1623091608190,
          "stop" : 1623091611579,
          "duration" : 3389
        }
      }, {
        "uid" : "e9675141011d1401",
        "reportUrl" : "https://skeenerok.github.io/testSpringProject/40//#testresult/e9675141011d1401",
        "status" : "failed",
        "statusDetails" : "expected [true] but found [false]",
        "time" : {
          "start" : 1622986502590,
          "stop" : 1622986505985,
          "duration" : 3395
        }
      }, {
        "uid" : "dd1e13066938e655",
        "reportUrl" : "https://skeenerok.github.io/testSpringProject/39//#testresult/dd1e13066938e655",
        "status" : "failed",
        "statusDetails" : "expected [true] but found [false]",
        "time" : {
          "start" : 1622979755818,
          "stop" : 1622979759260,
          "duration" : 3442
        }
      }, {
        "uid" : "aa4ab5f557b825c8",
        "reportUrl" : "https://skeenerok.github.io/testSpringProject/38//#testresult/aa4ab5f557b825c8",
        "status" : "failed",
        "statusDetails" : "expected [true] but found [false]",
        "time" : {
          "start" : 1622978912675,
          "stop" : 1622978916256,
          "duration" : 3581
        }
      }, {
        "uid" : "1b3e22da1e1e1afe",
        "reportUrl" : "https://skeenerok.github.io/testSpringProject/37//#testresult/1b3e22da1e1e1afe",
        "status" : "failed",
        "statusDetails" : "expected [true] but found [false]",
        "time" : {
          "start" : 1622978408289,
          "stop" : 1622978410930,
          "duration" : 2641
        }
      }, {
        "uid" : "e706abf34e4c4791",
        "reportUrl" : "https://skeenerok.github.io/testSpringProject/36//#testresult/e706abf34e4c4791",
        "status" : "failed",
        "statusDetails" : "expected [true] but found [false]",
        "time" : {
          "start" : 1622976444963,
          "stop" : 1622976447631,
          "duration" : 2668
        }
      }, {
        "uid" : "aacb1880539371a",
        "reportUrl" : "https://skeenerok.github.io/testSpringProject/35//#testresult/aacb1880539371a",
        "status" : "broken",
        "statusDetails" : "\nNo X11 DISPLAY variable was set,\nbut this program performed an operation which requires it.",
        "time" : {
          "start" : 1622975734499,
          "stop" : 1622975734499,
          "duration" : 0
        }
      }, {
        "uid" : "dd4f8033b6af088f",
        "reportUrl" : "https://skeenerok.github.io/testSpringProject/34//#testresult/dd4f8033b6af088f",
        "status" : "broken",
        "statusDetails" : "\nNo X11 DISPLAY variable was set,\nbut this program performed an operation which requires it.",
        "time" : {
          "start" : 1622974447528,
          "stop" : 1622974447528,
          "duration" : 0
        }
      }, {
        "uid" : "3bd3a07d9303c5b2",
        "reportUrl" : "https://skeenerok.github.io/testSpringProject/33//#testresult/3bd3a07d9303c5b2",
        "status" : "broken",
        "statusDetails" : "\nNo X11 DISPLAY variable was set,\nbut this program performed an operation which requires it.",
        "time" : {
          "start" : 1622973845099,
          "stop" : 1622973845099,
          "duration" : 0
        }
      } ]
    },
    "tags" : [ ]
  },
  "source" : "2ac0f110363cb84f.json",
  "parameterValues" : [ ]
}